0 info it worked if it ends with ok
1 verbose cli [ '/Users/brandon/.nvm/versions/node/v6.11.0/bin/node',
1 verbose cli   '/Users/brandon/.nvm/versions/node/v6.11.0/bin/npm',
1 verbose cli   'run',
1 verbose cli   'release:patch' ]
2 info using npm@3.10.10
3 info using node@v6.11.0
4 verbose run-script [ 'prerelease:patch', 'release:patch', 'postrelease:patch' ]
5 info lifecycle oh-flex@1.0.4-pre~prerelease:patch: oh-flex@1.0.4-pre
6 silly lifecycle oh-flex@1.0.4-pre~prerelease:patch: no script for prerelease:patch, continuing
7 info lifecycle oh-flex@1.0.4-pre~release:patch: oh-flex@1.0.4-pre
8 verbose lifecycle oh-flex@1.0.4-pre~release:patch: unsafe-perm in lifecycle true
9 verbose lifecycle oh-flex@1.0.4-pre~release:patch: PATH: /Users/brandon/.nvm/versions/node/v6.11.0/lib/node_modules/npm/bin/node-gyp-bin:/Users/brandon/Desktop/Working/oh-flex/node_modules/.bin:/Users/brandon/.nvm/versions/node/v6.11.0/bin:/Users/brandon/.cargo/bin:/Users/brandon/Library/Android/sdk/build-tools/26.0.0:/Users/brandon/.npm-packages/bin:/Library/Frameworks/Python.framework/Versions/3.5/bin:/usr/local/bin:/usr/bin:/bin:/usr/sbin:/sbin:/usr/local/MacGPG2/bin:/Users/brandon/Library/Android/sdk/platform-tools:/Users/brandon/Library/Android/sdk/tools:/Users/brandon/Library/Android/sdk/tools:/Users/brandon/Library/Android/sdk/platform-tools
10 verbose lifecycle oh-flex@1.0.4-pre~release:patch: CWD: /Users/brandon/Desktop/Working/oh-flex
11 silly lifecycle oh-flex@1.0.4-pre~release:patch: Args: [ '-c', 'npm-bump patch' ]
12 silly lifecycle oh-flex@1.0.4-pre~release:patch: Returned: code: 1  signal: null
13 info lifecycle oh-flex@1.0.4-pre~release:patch: Failed to exec release:patch script
14 verbose stack Error: oh-flex@1.0.4-pre release:patch: `npm-bump patch`
14 verbose stack Exit status 1
14 verbose stack     at EventEmitter.<anonymous> (/Users/brandon/.nvm/versions/node/v6.11.0/lib/node_modules/npm/lib/utils/lifecycle.js:255:16)
14 verbose stack     at emitTwo (events.js:106:13)
14 verbose stack     at EventEmitter.emit (events.js:191:7)
14 verbose stack     at ChildProcess.<anonymous> (/Users/brandon/.nvm/versions/node/v6.11.0/lib/node_modules/npm/lib/utils/spawn.js:40:14)
14 verbose stack     at emitTwo (events.js:106:13)
14 verbose stack     at ChildProcess.emit (events.js:191:7)
14 verbose stack     at maybeClose (internal/child_process.js:891:16)
14 verbose stack     at Process.ChildProcess._handle.onexit (internal/child_process.js:226:5)
15 verbose pkgid oh-flex@1.0.4-pre
16 verbose cwd /Users/brandon/Desktop/Working/oh-flex
17 error Darwin 16.7.0
18 error argv "/Users/brandon/.nvm/versions/node/v6.11.0/bin/node" "/Users/brandon/.nvm/versions/node/v6.11.0/bin/npm" "run" "release:patch"
19 error node v6.11.0
20 error npm  v3.10.10
21 error code ELIFECYCLE
22 error oh-flex@1.0.4-pre release:patch: `npm-bump patch`
22 error Exit status 1
23 error Failed at the oh-flex@1.0.4-pre release:patch script 'npm-bump patch'.
23 error Make sure you have the latest version of node.js and npm installed.
23 error If you do, this is most likely a problem with the oh-flex package,
23 error not with npm itself.
23 error Tell the author that this fails on your system:
23 error     npm-bump patch
23 error You can get information on how to open an issue for this project with:
23 error     npm bugs oh-flex
23 error Or if that isn't available, you can get their info via:
23 error     npm owner ls oh-flex
23 error There is likely additional logging output above.
24 verbose exit [ 1, true ]
